<?xml version="1.0" encoding="UTF-8"?>
<!-- Generated by org.testng.reporters.JUnitReportReporter -->
<testsuite hostname="DESKTOP-1N0VLJU" failures="0" tests="2" name="TestCases" time="15.378" errors="0" timestamp="2024-10-24T01:14:15 EET" skipped="0">
  <testcase classname="TestCases" name="signUp" time="9.679"/>
  <system-out/>
  <testcase classname="TestCases" name="logOut" time="5.699"/>
  <system-out/>
</testsuite> <!-- TestCases -->
